<?xml version="1.0" encoding="UTF-8"?>
<!-- Generated by org.testng.reporters.JUnitXMLReporter -->
<testsuite hostname="lap0002960" ignored="0" name="Default test" tests="3" failures="0" timestamp="17 Dec 2019 11:57:50 GMT" time="2.032" errors="0">
  <testcase name="AddBook" time="1.754" classname="com.LibraryApI.DynamicJson"/>
  <testcase name="AddBook" time="0.129" classname="com.LibraryApI.DynamicJson"/>
  <testcase name="AddBook" time="0.115" classname="com.LibraryApI.DynamicJson"/>
</testsuite> <!-- Default test -->
