<?xml version="1.0" encoding="UTF-8"?>
<testng-results skipped="0" failed="0" ignored="0" total="1" passed="1">
  <reporter-output>
  </reporter-output>
  <suite name="Default suite" duration-ms="2831" started-at="2019-12-29T07:49:49Z" finished-at="2019-12-29T07:49:52Z">
    <groups>
    </groups>
    <test name="Default test" duration-ms="2831" started-at="2019-12-29T07:49:49Z" finished-at="2019-12-29T07:49:52Z">
      <class name="com.LibraryApI.AddBook">
        <test-method status="PASS" signature="addBook()[pri:0, instance:com.LibraryApI.AddBook@35047d03]" name="addBook" duration-ms="2794" started-at="2019-12-29T07:49:49Z" finished-at="2019-12-29T07:49:51Z">
          <reporter-output>
          </reporter-output>
        </test-method> <!-- addBook -->
      </class> <!-- com.LibraryApI.AddBook -->
    </test> <!-- Default test -->
  </suite> <!-- Default suite -->
</testng-results>
